<?xml version="1.0" encoding="UTF-8"?>
<testsuite xmlns:xsi="http://www.w3.org/2001/XMLSchema-instance" xsi:noNamespaceSchemaLocation="https://maven.apache.org/surefire/maven-surefire-plugin/xsd/surefire-test-report-3.0.xsd" version="3.0" name="io.helidon.examples.quickstart.mp.MainTest" time="13.138" tests="1" errors="0" skipped="0" failures="0">
  <properties>
[...]
</properties>
  <testcase name="testHelloWorld" classname="io.helidon.examples.quickstart.mp.MainTest" time="1.912">
    <system-out><![CDATA[2022.03.21 17:57:59 INFO io.helidon.common.LogConfig Thread[main,5,main]: Logging at initialization configured using F:\Helidon\helidon-quickstart-mp\target\classes\logging.properties
2022.03.21 17:57:59 INFO io.helidon.tracing.tracerresolver.TracerResolverBuilder Thread[main,5,main]: TracerResolver not configured, tracing is disabled
2022.03.21 17:57:59 WARNING io.helidon.microprofile.tracing.TracingCdiExtension Thread[main,5,main]: helidon-microprofile-tracing is on the classpath, yet there is no tracer implementation library. Tracing uses a no-op tracer. As a result, no tracing will be configured for WebServer and JAX-RS
2022.03.21 17:57:59 INFO io.helidon.microprofile.security.SecurityCdiExtension Thread[main,5,main]: Authentication provider is missing from security configuration, but security extension for microprofile is enabled (requires providers configuration at key security.providers). Security will not have any valid authentication provider
2022.03.21 17:57:59 INFO io.helidon.microprofile.security.SecurityCdiExtension Thread[main,5,main]: Authorization provider is missing from security configuration, but security extension for microprofile is enabled (requires providers configuration at key security.providers). ABAC provider is configured for authorization.
2022.03.21 17:58:01 INFO io.helidon.microprofile.server.ServerCdiExtension Thread[main,5,main]: Registering JAX-RS Application: HelidonMP
2022.03.21 17:58:04 INFO io.helidon.webserver.NettyWebServer Thread[nioEventLoopGroup-2-1,10,main]: Channel '@default' started: [id: 0xe69e9f4e, L:/[0:0:0:0:0:0:0:0]:64466]
2022.03.21 17:58:04 INFO io.helidon.microprofile.server.ServerCdiExtension Thread[main,5,main]: Server started on http://localhost:64466 (and all other host addresses) in 13285 milliseconds (since JVM startup).
2022.03.21 17:58:04 INFO io.helidon.common.HelidonFeatures Thread[features-thread,5,main]: Helidon MP 2.4.2 features: [CDI, Config, Fault Tolerance, Health, JAX-RS, Metrics, Open API, REST Client, Security, Server, Tracing]
]]></system-out>
  </testcase>
</testsuite>